#
# There is insufficient memory for the Java Runtime Environment to continue.
# Native memory allocation (malloc) failed to allocate 199696 bytes for Chunk::new
# Possible reasons:
#   The system is out of physical RAM or swap space
#   The process is running with CompressedOops enabled, and the Java Heap may be blocking the growth of the native heap
# Possible solutions:
#   Reduce memory load on the system
#   Increase physical memory or swap space
#   Check if swap backing store is full
#   Decrease Java heap size (-Xmx/-Xms)
#   Decrease number of Java threads
#   Decrease Java thread stack sizes (-Xss)
#   Set larger code cache with -XX:ReservedCodeCacheSize=
#   JVM is running with Unscaled Compressed Oops mode in which the Java heap is
#     placed in the first 4GB address space. The Java Heap base address is the
#     maximum limit for the native heap growth. Please use -XX:HeapBaseMinAddress
#     to set the Java Heap base and to place the Java Heap above 4GB virtual address.
# This output file may be truncated or incomplete.
#
#  Out of Memory Error (arena.cpp:189), pid=14076, tid=8564
#
# JRE version: OpenJDK Runtime Environment (17.0.6) (build 17.0.6+0-b2043.56-10027231)
# Java VM: OpenJDK 64-Bit Server VM (17.0.6+0-b2043.56-10027231, mixed mode, tiered, compressed oops, compressed class ptrs, g1 gc, windows-amd64)
# No core dump will be written. Minidumps are not enabled by default on client versions of Windows
#

---------------  S U M M A R Y ------------

Command Line: --add-opens=java.base/java.util=ALL-UNNAMED --add-opens=java.base/java.lang=ALL-UNNAMED --add-opens=java.base/java.lang.invoke=ALL-UNNAMED --add-opens=java.prefs/java.util.prefs=ALL-UNNAMED --add-opens=java.base/java.nio.charset=ALL-UNNAMED --add-opens=java.base/java.net=ALL-UNNAMED --add-opens=java.base/java.util.concurrent.atomic=ALL-UNNAMED -Xmx2048m -Dfile.encoding=UTF-8 -Duser.country=CA -Duser.language=en -Duser.variant org.gradle.launcher.daemon.bootstrap.GradleDaemon 8.0

Host: Intel(R) Core(TM) i5-9300HF CPU @ 2.40GHz, 8 cores, 15G,  Windows 10 , 64 bit Build 19041 (10.0.19041.292)
Time: Sat Jan 20 18:51:46 2024 W. Central Africa Standard Time elapsed time: 7.570735 seconds (0d 0h 0m 7s)

---------------  T H R E A D  ---------------

Current thread (0x00000190edc9bec0):  JavaThread "C2 CompilerThread0" daemon [_thread_in_native, id=8564, stack(0x0000004a7dc00000,0x0000004a7dd00000)]


Current CompileTask:
C2:   7570 2755   !   4       java.lang.reflect.Executable::declaredAnnotations (85 bytes)

Stack: [0x0000004a7dc00000,0x0000004a7dd00000]
Native frames: (J=compiled Java code, j=interpreted, Vv=VM code, C=native code)
V  [jvm.dll+0x683c9a]
V  [jvm.dll+0x8427a4]
V  [jvm.dll+0x843f9e]
V  [jvm.dll+0x844603]
V  [jvm.dll+0x249b75]
V  [jvm.dll+0xabcac]
V  [jvm.dll+0xac27c]
V  [jvm.dll+0x11f257]
V  [jvm.dll+0x60fc92]
V  [jvm.dll+0x6140cf]
V  [jvm.dll+0x21c078]
V  [jvm.dll+0x21b621]
V  [jvm.dll+0x1a4fdd]
V  [jvm.dll+0x22b098]
V  [jvm.dll+0x229159]
V  [jvm.dll+0x7f81ec]
V  [jvm.dll+0x7f274a]
V  [jvm.dll+0x682ad5]
C  [ucrtbase.dll+0x21542]
C  [KERNEL32.DLL+0x16fd4]
C  [ntdll.dll+0x4cec1]


---------------  P R O C E S S  ---------------

Threads class SMR info:
_java_thread_list=0x00000190f3a763c0, length=34, elements={
0x00000190d3316830, 0x00000190edc518d0, 0x00000190edc528d0, 0x00000190edc953b0,
0x00000190edc99090, 0x00000190edc9a960, 0x00000190edc9b220, 0x00000190edc9bec0,
0x00000190edcbe040, 0x00000190edcc23d0, 0x00000190ede1ee90, 0x00000190ede4bca0,
0x00000190f033c730, 0x00000190edffe010, 0x00000190ef4b2060, 0x00000190f09ec580,
0x00000190f0525b70, 0x00000190eef85b10, 0x00000190eef85640, 0x00000190eef87320,
0x00000190eef86e50, 0x00000190eef877f0, 0x00000190eef85170, 0x00000190eef84300,
0x00000190eef86980, 0x00000190eef847d0, 0x00000190eef84ca0, 0x00000190eef864b0,
0x00000190f18cc7e0, 0x00000190f18cafd0, 0x00000190f18cc310, 0x00000190f18cd650,
0x00000190f18cdff0, 0x00000190f3f2e350
}

Java Threads: ( => current thread )
  0x00000190d3316830 JavaThread "main" [_thread_blocked, id=14944, stack(0x0000004a7cf00000,0x0000004a7d000000)]
  0x00000190edc518d0 JavaThread "Reference Handler" daemon [_thread_blocked, id=3976, stack(0x0000004a7d600000,0x0000004a7d700000)]
  0x00000190edc528d0 JavaThread "Finalizer" daemon [_thread_blocked, id=15288, stack(0x0000004a7d700000,0x0000004a7d800000)]
  0x00000190edc953b0 JavaThread "Signal Dispatcher" daemon [_thread_blocked, id=14320, stack(0x0000004a7d800000,0x0000004a7d900000)]
  0x00000190edc99090 JavaThread "Attach Listener" daemon [_thread_blocked, id=444, stack(0x0000004a7d900000,0x0000004a7da00000)]
  0x00000190edc9a960 JavaThread "Service Thread" daemon [_thread_blocked, id=11756, stack(0x0000004a7da00000,0x0000004a7db00000)]
  0x00000190edc9b220 JavaThread "Monitor Deflation Thread" daemon [_thread_blocked, id=14008, stack(0x0000004a7db00000,0x0000004a7dc00000)]
=>0x00000190edc9bec0 JavaThread "C2 CompilerThread0" daemon [_thread_in_native, id=8564, stack(0x0000004a7dc00000,0x0000004a7dd00000)]
  0x00000190edcbe040 JavaThread "C1 CompilerThread0" daemon [_thread_blocked, id=14780, stack(0x0000004a7dd00000,0x0000004a7de00000)]
  0x00000190edcc23d0 JavaThread "Sweeper thread" daemon [_thread_blocked, id=15024, stack(0x0000004a7de00000,0x0000004a7df00000)]
  0x00000190ede1ee90 JavaThread "Common-Cleaner" daemon [_thread_blocked, id=248, stack(0x0000004a7df00000,0x0000004a7e000000)]
  0x00000190ede4bca0 JavaThread "Notification Thread" daemon [_thread_blocked, id=14312, stack(0x0000004a7e000000,0x0000004a7e100000)]
  0x00000190f033c730 JavaThread "Daemon health stats" [_thread_blocked, id=13976, stack(0x0000004a7e900000,0x0000004a7ea00000)]
  0x00000190edffe010 JavaThread "Incoming local TCP Connector on port 64656" [_thread_in_native, id=1280, stack(0x0000004a7e200000,0x0000004a7e300000)]
  0x00000190ef4b2060 JavaThread "Daemon periodic checks" [_thread_blocked, id=2128, stack(0x0000004a7e300000,0x0000004a7e400000)]
  0x00000190f09ec580 JavaThread "Daemon" [_thread_blocked, id=14576, stack(0x0000004a7ea00000,0x0000004a7eb00000)]
  0x00000190f0525b70 JavaThread "Handler for socket connection from /127.0.0.1:64656 to /127.0.0.1:64657" [_thread_in_native, id=608, stack(0x0000004a7eb00000,0x0000004a7ec00000)]
  0x00000190eef85b10 JavaThread "Cancel handler" [_thread_blocked, id=11644, stack(0x0000004a7ec00000,0x0000004a7ed00000)]
  0x00000190eef85640 JavaThread "Daemon worker" [_thread_in_vm, id=6380, stack(0x0000004a7ed00000,0x0000004a7ee00000)]
  0x00000190eef87320 JavaThread "Asynchronous log dispatcher for DefaultDaemonConnection: socket connection from /127.0.0.1:64656 to /127.0.0.1:64657" [_thread_blocked, id=8784, stack(0x0000004a7ee00000,0x0000004a7ef00000)]
  0x00000190eef86e50 JavaThread "Stdin handler" [_thread_blocked, id=11160, stack(0x0000004a7ef00000,0x0000004a7f000000)]
  0x00000190eef877f0 JavaThread "Daemon client event forwarder" [_thread_blocked, id=13928, stack(0x0000004a7f000000,0x0000004a7f100000)]
  0x00000190eef85170 JavaThread "Cache worker for journal cache (C:\Users\Administrator\.gradle\caches\journal-1)" [_thread_blocked, id=13188, stack(0x0000004a7f400000,0x0000004a7f500000)]
  0x00000190eef84300 JavaThread "File lock request listener" [_thread_in_native, id=13324, stack(0x0000004a7f500000,0x0000004a7f600000)]
  0x00000190eef86980 JavaThread "Cache worker for file hash cache (C:\Users\Administrator\.gradle\caches\8.0\fileHashes)" [_thread_blocked, id=11672, stack(0x0000004a7f700000,0x0000004a7f800000)]
  0x00000190eef847d0 JavaThread "File watcher server" daemon [_thread_in_native, id=13968, stack(0x0000004a7f900000,0x0000004a7fa00000)]
  0x00000190eef84ca0 JavaThread "File watcher consumer" daemon [_thread_blocked, id=14672, stack(0x0000004a7fa00000,0x0000004a7fb00000)]
  0x00000190eef864b0 JavaThread "Cache worker for checksums cache (C:\Users\Administrator\AndroidStudioProjects\examen_projet\.gradle\8.0\checksums)" [_thread_blocked, id=13024, stack(0x0000004a7f600000,0x0000004a7f700000)]
  0x00000190f18cc7e0 JavaThread "Cache worker for cache directory md-rule (C:\Users\Administrator\.gradle\caches\8.0\md-rule)" [_thread_blocked, id=4724, stack(0x0000004a7f800000,0x0000004a7f900000)]
  0x00000190f18cafd0 JavaThread "Cache worker for file content cache (C:\Users\Administrator\.gradle\caches\8.0\fileContent)" [_thread_blocked, id=14704, stack(0x0000004a7fc00000,0x0000004a7fd00000)]
  0x00000190f18cc310 JavaThread "Cache worker for file hash cache (C:\Users\Administrator\AndroidStudioProjects\examen_projet\.gradle\8.0\fileHashes)" [_thread_blocked, id=14328, stack(0x0000004a7fd00000,0x0000004a7fe00000)]
  0x00000190f18cd650 JavaThread "Cache worker for cache directory md-supplier (C:\Users\Administrator\.gradle\caches\8.0\md-supplier)" [_thread_blocked, id=14584, stack(0x0000004a7fb00000,0x0000004a7fc00000)]
  0x00000190f18cdff0 JavaThread "Cache worker for execution history cache (C:\Users\Administrator\.gradle\caches\8.0\executionHistory)" [_thread_blocked, id=15272, stack(0x0000004a7fe00000,0x0000004a7ff00000)]
  0x00000190f3f2e350 JavaThread "C2 CompilerThread1" daemon [_thread_in_native, id=14280, stack(0x0000004a7ff00000,0x0000004a80000000)]

Other Threads:
  0x00000190ed19f490 VMThread "VM Thread" [stack: 0x0000004a7d500000,0x0000004a7d600000] [id=13652]
  0x00000190ede4e590 WatcherThread [stack: 0x0000004a7e100000,0x0000004a7e200000] [id=14164]
  0x00000190d3375a80 GCTaskThread "GC Thread#0" [stack: 0x0000004a7d000000,0x0000004a7d100000] [id=15336]
  0x00000190ee5bde20 GCTaskThread "GC Thread#1" [stack: 0x0000004a7e400000,0x0000004a7e500000] [id=14360]
  0x00000190ee76ac20 GCTaskThread "GC Thread#2" [stack: 0x0000004a7e500000,0x0000004a7e600000] [id=11988]
  0x00000190eea41a10 GCTaskThread "GC Thread#3" [stack: 0x0000004a7e600000,0x0000004a7e700000] [id=13440]
  0x00000190ee8ed7c0 GCTaskThread "GC Thread#4" [stack: 0x0000004a7e700000,0x0000004a7e800000] [id=14844]
  0x00000190ee93e820 GCTaskThread "GC Thread#5" [stack: 0x0000004a7e800000,0x0000004a7e900000] [id=4360]
  0x00000190f0806820 GCTaskThread "GC Thread#6" [stack: 0x0000004a7f100000,0x0000004a7f200000] [id=420]
  0x00000190f0807af0 GCTaskThread "GC Thread#7" [stack: 0x0000004a7f200000,0x0000004a7f300000] [id=11496]
  0x00000190d33878e0 ConcurrentGCThread "G1 Main Marker" [stack: 0x0000004a7d100000,0x0000004a7d200000] [id=6412]
  0x00000190d33889a0 ConcurrentGCThread "G1 Conc#0" [stack: 0x0000004a7d200000,0x0000004a7d300000] [id=11300]
  0x00000190f0807030 ConcurrentGCThread "G1 Conc#1" [stack: 0x0000004a7f300000,0x0000004a7f400000] [id=14332]
  0x00000190d33eecf0 ConcurrentGCThread "G1 Refine#0" [stack: 0x0000004a7d300000,0x0000004a7d400000] [id=14784]
  0x00000190ed051850 ConcurrentGCThread "G1 Service" [stack: 0x0000004a7d400000,0x0000004a7d500000] [id=8264]

Threads with active compile tasks:
C2 CompilerThread0     7603 2755   !   4       java.lang.reflect.Executable::declaredAnnotations (85 bytes)
C2 CompilerThread1     7603 2770       4       java.lang.invoke.MethodType::makeImpl (109 bytes)

VM state: not at safepoint (normal execution)

VM Mutex/Monitor currently owned by a thread: None

Heap address: 0x0000000080000000, size: 2048 MB, Compressed Oops mode: 32-bit

CDS archive(s) not mapped
Compressed class space mapped at: 0x0000000100000000-0x0000000140000000, reserved size: 1073741824
Narrow klass base: 0x0000000000000000, Narrow klass shift: 3, Narrow klass range: 0x140000000

GC Precious Log:
 CPUs: 8 total, 8 available
 Memory: 16304M
 Large Page Support: Disabled
 NUMA Support: Disabled
 Compressed Oops: Enabled (32-bit)
 Heap Region Size: 1M
 Heap Min Capacity: 8M
 Heap Initial Capacity: 256M
 Heap Max Capacity: 2G
 Pre-touch: Disabled
 Parallel Workers: 8
 Concurrent Workers: 2
 Concurrent Refinement Workers: 8
 Periodic GC: Disabled

Heap:
 garbage-first heap   total 65536K, used 40250K [0x0000000080000000, 0x0000000100000000)
  region size 1024K, 21 young (21504K), 2 survivors (2048K)
 Metaspace       used 33245K, committed 33536K, reserved 1081344K
  class space    used 4571K, committed 4672K, reserved 1048576K

Heap Regions: E=young(eden), S=young(survivor), O=old, HS=humongous(starts), HC=humongous(continues), CS=collection set, F=free, OA=open archive, CA=closed archive, TAMS=top-at-mark-start (previous, next)
|   0|0x0000000080000000, 0x0000000080100000, 0x0000000080100000|100%|HS|  |TAMS 0x0000000080100000, 0x0000000080000000| Complete 
|   1|0x0000000080100000, 0x0000000080200000, 0x0000000080200000|100%|HC|  |TAMS 0x0000000080200000, 0x0000000080100000| Complete 
|   2|0x0000000080200000, 0x0000000080300000, 0x0000000080300000|100%|HC|  |TAMS 0x0000000080300000, 0x0000000080200000| Complete 
|   3|0x0000000080300000, 0x0000000080400000, 0x0000000080400000|100%|HC|  |TAMS 0x0000000080400000, 0x0000000080300000| Complete 
|   4|0x0000000080400000, 0x0000000080500000, 0x0000000080500000|100%| O|  |TAMS 0x0000000080500000, 0x0000000080400000| Untracked 
|   5|0x0000000080500000, 0x0000000080600000, 0x0000000080600000|100%| O|  |TAMS 0x0000000080600000, 0x0000000080500000| Untracked 
|   6|0x0000000080600000, 0x0000000080700000, 0x0000000080700000|100%| O|  |TAMS 0x0000000080700000, 0x0000000080600000| Untracked 
|   7|0x0000000080700000, 0x0000000080800000, 0x0000000080800000|100%| O|  |TAMS 0x0000000080800000, 0x0000000080700000| Untracked 
|   8|0x0000000080800000, 0x0000000080900000, 0x0000000080900000|100%| O|  |TAMS 0x0000000080800000, 0x0000000080800000| Untracked 
|   9|0x0000000080900000, 0x0000000080a00000, 0x0000000080a00000|100%| O|  |TAMS 0x0000000080a00000, 0x0000000080900000| Untracked 
|  10|0x0000000080a00000, 0x0000000080a00000, 0x0000000080b00000|  0%| F|  |TAMS 0x0000000080a00000, 0x0000000080a00000| Untracked 
|  11|0x0000000080b00000, 0x0000000080c00000, 0x0000000080c00000|100%| O|  |TAMS 0x0000000080b00000, 0x0000000080b00000| Untracked 
|  12|0x0000000080c00000, 0x0000000080d00000, 0x0000000080d00000|100%| O|  |TAMS 0x0000000080c00000, 0x0000000080c00000| Untracked 
|  13|0x0000000080d00000, 0x0000000080e00000, 0x0000000080e00000|100%| O|  |TAMS 0x0000000080d00000, 0x0000000080d00000| Untracked 
|  14|0x0000000080e00000, 0x0000000080f00000, 0x0000000080f00000|100%| O|  |TAMS 0x0000000080e00000, 0x0000000080e00000| Untracked 
|  15|0x0000000080f00000, 0x0000000081000000, 0x0000000081000000|100%| O|  |TAMS 0x0000000080f00000, 0x0000000080f00000| Untracked 
|  16|0x0000000081000000, 0x0000000081100000, 0x0000000081100000|100%| O|  |TAMS 0x0000000081000000, 0x0000000081000000| Untracked 
|  17|0x0000000081100000, 0x0000000081200000, 0x0000000081200000|100%| O|  |TAMS 0x0000000081100000, 0x0000000081100000| Untracked 
|  18|0x0000000081200000, 0x0000000081300000, 0x0000000081300000|100%| O|  |TAMS 0x0000000081200000, 0x0000000081200000| Untracked 
|  19|0x0000000081300000, 0x0000000081400000, 0x0000000081400000|100%| O|  |TAMS 0x0000000081300000, 0x0000000081300000| Untracked 
|  20|0x0000000081400000, 0x00000000814d1a00, 0x0000000081500000| 81%| O|  |TAMS 0x0000000081400000, 0x0000000081400000| Untracked 
|  21|0x0000000081500000, 0x0000000081500000, 0x0000000081600000|  0%| F|  |TAMS 0x0000000081500000, 0x0000000081500000| Untracked 
|  22|0x0000000081600000, 0x0000000081600000, 0x0000000081700000|  0%| F|  |TAMS 0x0000000081600000, 0x0000000081600000| Untracked 
|  23|0x0000000081700000, 0x0000000081700000, 0x0000000081800000|  0%| F|  |TAMS 0x0000000081700000, 0x0000000081700000| Untracked 
|  24|0x0000000081800000, 0x0000000081800000, 0x0000000081900000|  0%| F|  |TAMS 0x0000000081800000, 0x0000000081800000| Untracked 
|  25|0x0000000081900000, 0x0000000081900000, 0x0000000081a00000|  0%| F|  |TAMS 0x0000000081900000, 0x0000000081900000| Untracked 
|  26|0x0000000081a00000, 0x0000000081a00000, 0x0000000081b00000|  0%| F|  |TAMS 0x0000000081a00000, 0x0000000081a00000| Untracked 
|  27|0x0000000081b00000, 0x0000000081b00000, 0x0000000081c00000|  0%| F|  |TAMS 0x0000000081b00000, 0x0000000081b00000| Untracked 
|  28|0x0000000081c00000, 0x0000000081c00000, 0x0000000081d00000|  0%| F|  |TAMS 0x0000000081c00000, 0x0000000081c00000| Untracked 
|  29|0x0000000081d00000, 0x0000000081d00000, 0x0000000081e00000|  0%| F|  |TAMS 0x0000000081d00000, 0x0000000081d00000| Untracked 
|  30|0x0000000081e00000, 0x0000000081e00000, 0x0000000081f00000|  0%| F|  |TAMS 0x0000000081e00000, 0x0000000081e00000| Untracked 
|  31|0x0000000081f00000, 0x0000000081f00000, 0x0000000082000000|  0%| F|  |TAMS 0x0000000081f00000, 0x0000000081f00000| Untracked 
|  32|0x0000000082000000, 0x0000000082000000, 0x0000000082100000|  0%| F|  |TAMS 0x0000000082000000, 0x0000000082000000| Untracked 
|  33|0x0000000082100000, 0x0000000082100000, 0x0000000082200000|  0%| F|  |TAMS 0x0000000082100000, 0x0000000082100000| Untracked 
|  34|0x0000000082200000, 0x0000000082200000, 0x0000000082300000|  0%| F|  |TAMS 0x0000000082200000, 0x0000000082200000| Untracked 
|  35|0x0000000082300000, 0x0000000082300000, 0x0000000082400000|  0%| F|  |TAMS 0x0000000082300000, 0x0000000082300000| Untracked 
|  36|0x0000000082400000, 0x000000008247d000, 0x0000000082500000| 48%| S|CS|TAMS 0x0000000082400000, 0x0000000082400000| Complete 
|  37|0x0000000082500000, 0x0000000082600000, 0x0000000082600000|100%| S|CS|TAMS 0x0000000082500000, 0x0000000082500000| Complete 
|  38|0x0000000082600000, 0x0000000082600000, 0x0000000082700000|  0%| F|  |TAMS 0x0000000082600000, 0x0000000082600000| Untracked 
|  39|0x0000000082700000, 0x0000000082700000, 0x0000000082800000|  0%| F|  |TAMS 0x0000000082700000, 0x0000000082700000| Untracked 
|  40|0x0000000082800000, 0x0000000082800000, 0x0000000082900000|  0%| F|  |TAMS 0x0000000082800000, 0x0000000082800000| Untracked 
|  41|0x0000000082900000, 0x0000000082900000, 0x0000000082a00000|  0%| F|  |TAMS 0x0000000082900000, 0x0000000082900000| Untracked 
|  42|0x0000000082a00000, 0x0000000082a00000, 0x0000000082b00000|  0%| F|  |TAMS 0x0000000082a00000, 0x0000000082a00000| Untracked 
|  43|0x0000000082b00000, 0x0000000082b00000, 0x0000000082c00000|  0%| F|  |TAMS 0x0000000082b00000, 0x0000000082b00000| Untracked 
|  44|0x0000000082c00000, 0x0000000082c00000, 0x0000000082d00000|  0%| F|  |TAMS 0x0000000082c00000, 0x0000000082c00000| Untracked 
|  45|0x0000000082d00000, 0x0000000082e00000, 0x0000000082e00000|100%| E|  |TAMS 0x0000000082d00000, 0x0000000082d00000| Complete 
|  46|0x0000000082e00000, 0x0000000082f00000, 0x0000000082f00000|100%| E|CS|TAMS 0x0000000082e00000, 0x0000000082e00000| Complete 
|  47|0x0000000082f00000, 0x0000000083000000, 0x0000000083000000|100%| E|CS|TAMS 0x0000000082f00000, 0x0000000082f00000| Complete 
|  48|0x0000000083000000, 0x0000000083100000, 0x0000000083100000|100%| E|CS|TAMS 0x0000000083000000, 0x0000000083000000| Complete 
|  49|0x0000000083100000, 0x0000000083200000, 0x0000000083200000|100%| E|CS|TAMS 0x0000000083100000, 0x0000000083100000| Complete 
|  50|0x0000000083200000, 0x0000000083300000, 0x0000000083300000|100%| E|CS|TAMS 0x0000000083200000, 0x0000000083200000| Complete 
|  51|0x0000000083300000, 0x0000000083400000, 0x0000000083400000|100%| E|CS|TAMS 0x0000000083300000, 0x0000000083300000| Complete 
|  52|0x0000000083400000, 0x0000000083500000, 0x0000000083500000|100%| E|CS|TAMS 0x0000000083400000, 0x0000000083400000| Complete 
|  53|0x0000000083500000, 0x0000000083600000, 0x0000000083600000|100%| E|CS|TAMS 0x0000000083500000, 0x0000000083500000| Complete 
|  54|0x0000000083600000, 0x0000000083700000, 0x0000000083700000|100%| E|CS|TAMS 0x0000000083600000, 0x0000000083600000| Complete 
| 204|0x000000008cc00000, 0x000000008cd00000, 0x000000008cd00000|100%| E|CS|TAMS 0x000000008cc00000, 0x000000008cc00000| Complete 
| 205|0x000000008cd00000, 0x000000008ce00000, 0x000000008ce00000|100%| E|CS|TAMS 0x000000008cd00000, 0x000000008cd00000| Complete 
| 206|0x000000008ce00000, 0x000000008cf00000, 0x000000008cf00000|100%| E|CS|TAMS 0x000000008ce00000, 0x000000008ce00000| Complete 
| 207|0x000000008cf00000, 0x000000008d000000, 0x000000008d000000|100%| E|CS|TAMS 0x000000008cf00000, 0x000000008cf00000| Complete 
| 208|0x000000008d000000, 0x000000008d100000, 0x000000008d100000|100%| E|CS|TAMS 0x000000008d000000, 0x000000008d000000| Complete 
| 209|0x000000008d100000, 0x000000008d200000, 0x000000008d200000|100%| E|CS|TAMS 0x000000008d100000, 0x000000008d100000| Complete 
| 210|0x000000008d200000, 0x000000008d300000, 0x000000008d300000|100%| E|CS|TAMS 0x000000008d200000, 0x000000008d200000| Complete 
| 211|0x000000008d300000, 0x000000008d400000, 0x000000008d400000|100%| E|CS|TAMS 0x000000008d300000, 0x000000008d300000| Complete 
| 255|0x000000008ff00000, 0x0000000090000000, 0x0000000090000000|100%| E|CS|TAMS 0x000000008ff00000, 0x000000008ff00000| Complete 

Card table byte_map: [0x00000190e5f20000,0x00000190e6320000] _byte_map_base: 0x00000190e5b20000

Marking Bits (Prev, Next): (CMBitMap*) 0x00000190d3375fe0, (CMBitMap*) 0x00000190d3375fa0
 Prev Bits: [0x00000190e8720000, 0x00000190ea720000)
 Next Bits: [0x00000190e6720000, 0x00000190e8720000)

Polling page: 0x00000190d12a0000

Metaspace:

Usage:
  Non-class:     28.03 MB used.
      Class:      4.47 MB used.
       Both:     32.50 MB used.

Virtual space:
  Non-class space:       32.00 MB reserved,      28.19 MB ( 88%) committed,  4 nodes.
      Class space:        1.00 GB reserved,       4.56 MB ( <1%) committed,  1 nodes.
             Both:        1.03 GB reserved,      32.75 MB (  3%) committed. 

Chunk freelists:
   Non-Class:  3.50 MB
       Class:  3.27 MB
        Both:  6.77 MB

MaxMetaspaceSize: unlimited
CompressedClassSpaceSize: 1.00 GB
Initial GC threshold: 21.00 MB
Current GC threshold: 35.12 MB
CDS: off
MetaspaceReclaimPolicy: balanced
 - commit_granule_bytes: 65536.
 - commit_granule_words: 8192.
 - virtual_space_node_default_size: 1048576.
 - enlarge_chunks_in_place: 1.
 - new_chunks_are_fully_committed: 0.
 - uncommit_free_chunks: 1.
 - use_allocation_guard: 0.
 - handle_deallocations: 1.


Internal statistics:

num_allocs_failed_limit: 3.
num_arena_births: 252.
num_arena_deaths: 0.
num_vsnodes_births: 5.
num_vsnodes_deaths: 0.
num_space_committed: 524.
num_space_uncommitted: 0.
num_chunks_returned_to_freelist: 3.
num_chunks_taken_from_freelist: 1191.
num_chunk_merges: 3.
num_chunk_splits: 774.
num_chunks_enlarged: 545.
num_purges: 0.
num_inconsistent_stats: 0.

CodeHeap 'non-profiled nmethods': size=120000Kb used=1553Kb max_used=1553Kb free=118446Kb
 bounds [0x00000190de2c0000, 0x00000190de530000, 0x00000190e57f0000]
CodeHeap 'profiled nmethods': size=120000Kb used=5764Kb max_used=5764Kb free=114235Kb
 bounds [0x00000190d67f0000, 0x00000190d6da0000, 0x00000190ddd20000]
CodeHeap 'non-nmethods': size=5760Kb used=1228Kb max_used=1295Kb free=4531Kb
 bounds [0x00000190ddd20000, 0x00000190ddf90000, 0x00000190de2c0000]
 total_blobs=3318 nmethods=2778 adapters=452
 compilation: enabled
              stopped_count=0, restarted_count=0
 full_count=0

Compilation events (20 events):
Event: 7.507 Thread 0x00000190edcbe040 2773       3       org.gradle.internal.instantiation.generator.AbstractClassGenerator$MethodMetadata::shouldOverride (29 bytes)
Event: 7.508 Thread 0x00000190edcbe040 nmethod 2773 0x00000190d6d89190 code [0x00000190d6d89340, 0x00000190d6d89698]
Event: 7.508 Thread 0x00000190edcbe040 2774       3       org.objectweb.asm.MethodVisitor::<init> (7 bytes)
Event: 7.509 Thread 0x00000190edcbe040 nmethod 2774 0x00000190d6d89790 code [0x00000190d6d89940, 0x00000190d6d89a88]
Event: 7.509 Thread 0x00000190edcbe040 2775       3       org.objectweb.asm.MethodWriter::visitMaxs (60 bytes)
Event: 7.509 Thread 0x00000190edcbe040 nmethod 2775 0x00000190d6d89b10 code [0x00000190d6d89ce0, 0x00000190d6d89fb8]
Event: 7.509 Thread 0x00000190edcbe040 2776       3       org.objectweb.asm.MethodWriter::visitEnd (1 bytes)
Event: 7.509 Thread 0x00000190edcbe040 nmethod 2776 0x00000190d6d8a090 code [0x00000190d6d8a220, 0x00000190d6d8a338]
Event: 7.509 Thread 0x00000190edcbe040 2777       3       org.gradle.internal.instantiation.generator.AbstractClassGenerator$PropertyMetadata::hasAnnotation (14 bytes)
Event: 7.511 Thread 0x00000190edcbe040 nmethod 2777 0x00000190d6d8a410 code [0x00000190d6d8a700, 0x00000190d6d8b908]
Event: 7.511 Thread 0x00000190edcbe040 2780       3       org.objectweb.asm.MethodWriter::<init> (232 bytes)
Event: 7.512 Thread 0x00000190edcbe040 nmethod 2780 0x00000190d6d8be90 code [0x00000190d6d8c120, 0x00000190d6d8ce98]
Event: 7.512 Thread 0x00000190edcbe040 2778       3       org.gradle.internal.instantiation.generator.AbstractClassGenerator$PropertyMetadata::findAnnotation (22 bytes)
Event: 7.514 Thread 0x00000190edcbe040 nmethod 2778 0x00000190d6d8d390 code [0x00000190d6d8d660, 0x00000190d6d8e7a8]
Event: 7.514 Thread 0x00000190edcbe040 2779       3       org.gradle.internal.instantiation.generator.AbstractClassGenerator$PropertyMetadata$$Lambda$106/0x000000010025f0c0::<init> (15 bytes)
Event: 7.514 Thread 0x00000190edcbe040 nmethod 2779 0x00000190d6d8ed10 code [0x00000190d6d8eec0, 0x00000190d6d8f0d8]
Event: 7.521 Thread 0x00000190edcbe040 2781       3       java.util.Collections$SingletonList::iterator (8 bytes)
Event: 7.521 Thread 0x00000190edcbe040 nmethod 2781 0x00000190d6d8f190 code [0x00000190d6d8f340, 0x00000190d6d8f618]
Event: 7.545 Thread 0x00000190edcbe040 2782       3       java.lang.invoke.DirectMethodHandle::make (21 bytes)
Event: 7.546 Thread 0x00000190edcbe040 nmethod 2782 0x00000190d6d8f710 code [0x00000190d6d8f8e0, 0x00000190d6d8fc38]

GC Heap History (12 events):
Event: 1.366 GC heap before
{Heap before GC invocations=0 (full 0):
 garbage-first heap   total 262144K, used 26624K [0x0000000080000000, 0x0000000100000000)
  region size 1024K, 23 young (23552K), 0 survivors (0K)
 Metaspace       used 10248K, committed 10432K, reserved 1064960K
  class space    used 1058K, committed 1152K, reserved 1048576K
}
Event: 1.374 GC heap after
{Heap after GC invocations=1 (full 0):
 garbage-first heap   total 262144K, used 10361K [0x0000000080000000, 0x0000000100000000)
  region size 1024K, 3 young (3072K), 3 survivors (3072K)
 Metaspace       used 10248K, committed 10432K, reserved 1064960K
  class space    used 1058K, committed 1152K, reserved 1048576K
}
Event: 2.193 GC heap before
{Heap before GC invocations=1 (full 0):
 garbage-first heap   total 262144K, used 39033K [0x0000000080000000, 0x0000000100000000)
  region size 1024K, 30 young (30720K), 3 survivors (3072K)
 Metaspace       used 11194K, committed 11456K, reserved 1064960K
  class space    used 1161K, committed 1280K, reserved 1048576K
}
Event: 2.198 GC heap after
{Heap after GC invocations=2 (full 0):
 garbage-first heap   total 262144K, used 12504K [0x0000000080000000, 0x0000000100000000)
  region size 1024K, 3 young (3072K), 3 survivors (3072K)
 Metaspace       used 11194K, committed 11456K, reserved 1064960K
  class space    used 1161K, committed 1280K, reserved 1048576K
}
Event: 4.181 GC heap before
{Heap before GC invocations=2 (full 0):
 garbage-first heap   total 262144K, used 53464K [0x0000000080000000, 0x0000000100000000)
  region size 1024K, 44 young (45056K), 3 survivors (3072K)
 Metaspace       used 21286K, committed 21504K, reserved 1073152K
  class space    used 2589K, committed 2688K, reserved 1048576K
}
Event: 4.190 GC heap after
{Heap after GC invocations=3 (full 0):
 garbage-first heap   total 262144K, used 18142K [0x0000000080000000, 0x0000000100000000)
  region size 1024K, 8 young (8192K), 8 survivors (8192K)
 Metaspace       used 21286K, committed 21504K, reserved 1073152K
  class space    used 2589K, committed 2688K, reserved 1048576K
}
Event: 5.568 GC heap before
{Heap before GC invocations=4 (full 0):
 garbage-first heap   total 65536K, used 48862K [0x0000000080000000, 0x0000000100000000)
  region size 1024K, 38 young (38912K), 8 survivors (8192K)
 Metaspace       used 26047K, committed 26304K, reserved 1073152K
  class space    used 3412K, committed 3520K, reserved 1048576K
}
Event: 5.579 GC heap after
{Heap after GC invocations=5 (full 0):
 garbage-first heap   total 65536K, used 20352K [0x0000000080000000, 0x0000000100000000)
  region size 1024K, 3 young (3072K), 3 survivors (3072K)
 Metaspace       used 26047K, committed 26304K, reserved 1073152K
  class space    used 3412K, committed 3520K, reserved 1048576K
}
Event: 5.729 GC heap before
{Heap before GC invocations=5 (full 0):
 garbage-first heap   total 65536K, used 21376K [0x0000000080000000, 0x0000000100000000)
  region size 1024K, 4 young (4096K), 3 survivors (3072K)
 Metaspace       used 26172K, committed 26432K, reserved 1073152K
  class space    used 3437K, committed 3584K, reserved 1048576K
}
Event: 5.733 GC heap after
{Heap after GC invocations=6 (full 0):
 garbage-first heap   total 65536K, used 20704K [0x0000000080000000, 0x0000000100000000)
  region size 1024K, 1 young (1024K), 1 survivors (1024K)
 Metaspace       used 26172K, committed 26432K, reserved 1073152K
  class space    used 3437K, committed 3584K, reserved 1048576K
}
Event: 6.887 GC heap before
{Heap before GC invocations=6 (full 0):
 garbage-first heap   total 65536K, used 46304K [0x0000000080000000, 0x0000000100000000)
  region size 1024K, 26 young (26624K), 1 survivors (1024K)
 Metaspace       used 30194K, committed 30464K, reserved 1081344K
  class space    used 4102K, committed 4224K, reserved 1048576K
}
Event: 6.890 GC heap after
{Heap after GC invocations=7 (full 0):
 garbage-first heap   total 65536K, used 21818K [0x0000000080000000, 0x0000000100000000)
  region size 1024K, 2 young (2048K), 2 survivors (2048K)
 Metaspace       used 30194K, committed 30464K, reserved 1081344K
  class space    used 4102K, committed 4224K, reserved 1048576K
}

Dll operation events (2 events):
Event: 0.009 Loaded shared library C:\Program Files\Android\Android Studio\jbr\bin\java.dll
Event: 0.817 Loaded shared library C:\Program Files\Android\Android Studio\jbr\bin\verify.dll

Deoptimization events (20 events):
Event: 4.803 Thread 0x00000190eef85640 DEOPT PACKING pc=0x00000190de375844 sp=0x0000004a7edfa510
Event: 4.803 Thread 0x00000190eef85640 DEOPT UNPACKING pc=0x00000190ddd769a3 sp=0x0000004a7edfa4a8 mode 2
Event: 5.286 Thread 0x00000190eef85640 Uncommon trap: trap_request=0xffffff45 fr.pc=0x00000190de3dc328 relative=0x00000000000007c8
Event: 5.286 Thread 0x00000190eef85640 Uncommon trap: reason=unstable_if action=reinterpret pc=0x00000190de3dc328 method=java.util.HashMap.putVal(ILjava/lang/Object;Ljava/lang/Object;ZZ)Ljava/lang/Object; @ 206 c2
Event: 5.286 Thread 0x00000190eef85640 DEOPT PACKING pc=0x00000190de3dc328 sp=0x0000004a7edfadc0
Event: 5.286 Thread 0x00000190eef85640 DEOPT UNPACKING pc=0x00000190ddd769a3 sp=0x0000004a7edfad58 mode 2
Event: 5.705 Thread 0x00000190eef85640 DEOPT PACKING pc=0x00000190d6b6c4d4 sp=0x0000004a7edf92f0
Event: 5.705 Thread 0x00000190eef85640 DEOPT UNPACKING pc=0x00000190ddd77143 sp=0x0000004a7edf8848 mode 0
Event: 5.774 Thread 0x00000190eef85640 Uncommon trap: trap_request=0xffffff45 fr.pc=0x00000190de2ea484 relative=0x00000000000000e4
Event: 5.774 Thread 0x00000190eef85640 Uncommon trap: reason=unstable_if action=reinterpret pc=0x00000190de2ea484 method=java.util.HashMap.hash(Ljava/lang/Object;)I @ 1 c2
Event: 5.774 Thread 0x00000190eef85640 DEOPT PACKING pc=0x00000190de2ea484 sp=0x0000004a7edf9d70
Event: 5.774 Thread 0x00000190eef85640 DEOPT UNPACKING pc=0x00000190ddd769a3 sp=0x0000004a7edf9cb0 mode 2
Event: 6.194 Thread 0x00000190eef85640 Uncommon trap: trap_request=0xffffff76 fr.pc=0x00000190de404818 relative=0x0000000000000178
Event: 6.194 Thread 0x00000190eef85640 Uncommon trap: reason=predicate action=maybe_recompile pc=0x00000190de404818 method=com.google.common.base.CharMatcher.indexIn(Ljava/lang/CharSequence;I)I @ 19 c2
Event: 6.194 Thread 0x00000190eef85640 DEOPT PACKING pc=0x00000190de404818 sp=0x0000004a7edfb760
Event: 6.194 Thread 0x00000190eef85640 DEOPT UNPACKING pc=0x00000190ddd769a3 sp=0x0000004a7edfb6f0 mode 2
Event: 6.908 Thread 0x00000190eef85640 Uncommon trap: trap_request=0xffffff45 fr.pc=0x00000190de30c6b8 relative=0x00000000000005f8
Event: 6.908 Thread 0x00000190eef85640 Uncommon trap: reason=unstable_if action=reinterpret pc=0x00000190de30c6b8 method=java.util.HashMap.hash(Ljava/lang/Object;)I @ 1 c2
Event: 6.908 Thread 0x00000190eef85640 DEOPT PACKING pc=0x00000190de30c6b8 sp=0x0000004a7edf7c70
Event: 6.908 Thread 0x00000190eef85640 DEOPT UNPACKING pc=0x00000190ddd769a3 sp=0x0000004a7edf7b18 mode 2

Classes unloaded (0 events):
No events

Classes redefined (0 events):
No events

Internal exceptions (20 events):
Event: 5.399 Thread 0x00000190eef85640 Exception <a 'java/lang/NoSuchMethodError'{0x0000000081b75528}: 'java.lang.Object java.lang.invoke.DirectMethodHandle$Holder.invokeVirtual(java.lang.Object, java.lang.Object, java.lang.Object, java.lang.Object, java.lang.Object, java.lang.Object, java.lang.Object, java.lang.Object, java.lang.Object, java.lang.Object, java.lang.Object, java.lang.Object, java.lang.Object, java.lang.Object, java.lang.Object, java.lang.Object, java.lang.Object, java.lang.Object, java.lang.Object, java.lang.Object, java.lang.Ob
Event: 5.774 Thread 0x00000190eef85640 Implicit null exception at 0x00000190de2ea3e0 to 0x00000190de2ea47a
Event: 5.994 Thread 0x00000190eef85640 Exception <a 'java/lang/NoSuchMethodError'{0x000000008cedb250}: 'void java.lang.invoke.DirectMethodHandle$Holder.invokeStaticInit(java.lang.Object, java.lang.Object)'> (0x000000008cedb250) 
thrown [s\src\hotspot\share\interpreter\linkResolver.cpp, line 771]
Event: 6.063 Thread 0x00000190eef85640 Exception <a 'java/lang/NoSuchMethodError'{0x000000008cc01638}: 'java.lang.Object java.lang.invoke.DirectMethodHandle$Holder.invokeStaticInit(java.lang.Object, java.lang.Object, java.lang.Object)'> (0x000000008cc01638) 
thrown [s\src\hotspot\share\interpreter\linkResolver.cpp, line 771]
Event: 6.069 Thread 0x00000190eef85640 Exception <a 'java/lang/NoSuchMethodError'{0x000000008cc0b728}: 'void java.lang.invoke.DirectMethodHandle$Holder.invokeStatic(java.lang.Object, java.lang.Object, java.lang.Object, java.lang.Object, java.lang.Object, java.lang.Object)'> (0x000000008cc0b728) 
thrown [s\src\hotspot\share\interpreter\linkResolver.cpp, line 771]
Event: 6.254 Thread 0x00000190eef85640 Exception <a 'java/lang/NoSuchMethodError'{0x00000000834b15f0}: 'void java.lang.invoke.DirectMethodHandle$Holder.invokeStatic(java.lang.Object, java.lang.Object, java.lang.Object, java.lang.Object)'> (0x00000000834b15f0) 
thrown [s\src\hotspot\share\interpreter\linkResolver.cpp, line 771]
Event: 6.261 Thread 0x00000190eef85640 Exception <a 'java/lang/NoSuchMethodError'{0x00000000834c4a98}: 'int java.lang.invoke.DirectMethodHandle$Holder.invokeVirtual(java.lang.Object, java.lang.Object)'> (0x00000000834c4a98) 
thrown [s\src\hotspot\share\interpreter\linkResolver.cpp, line 771]
Event: 6.271 Thread 0x00000190eef85640 Exception <a 'java/lang/NoSuchMethodError'{0x0000000083314030}: 'int java.lang.invoke.DirectMethodHandle$Holder.invokeVirtual(java.lang.Object, java.lang.Object, java.lang.Object)'> (0x0000000083314030) 
thrown [s\src\hotspot\share\interpreter\linkResolver.cpp, line 771]
Event: 6.665 Thread 0x00000190eef85640 Exception <a 'java/lang/NoSuchMethodError'{0x0000000082a5af40}: 'java.lang.Object java.lang.invoke.DirectMethodHandle$Holder.invokeSpecialIFC(java.lang.Object, java.lang.Object, java.lang.Object, java.lang.Object)'> (0x0000000082a5af40) 
thrown [s\src\hotspot\share\interpreter\linkResolver.cpp, line 771]
Event: 6.908 Thread 0x00000190eef85640 Implicit null exception at 0x00000190de30c10f to 0x00000190de30c698
Event: 7.000 Thread 0x00000190eef85640 Exception <a 'java/lang/NoSuchMethodError'{0x000000008d2acf70}: 'java.lang.Object java.lang.invoke.DirectMethodHandle$Holder.invokeSpecial(java.lang.Object, java.lang.Object, java.lang.Object, java.lang.Object, java.lang.Object, java.lang.Object, java.lang.Object, java.lang.Object, java.lang.Object, java.lang.Object, java.lang.Object, java.lang.Object, java.lang.Object)'> (0x000000008d2acf70) 
thrown [s\src\hotspot\share\interpreter\linkResolver.cpp, line 771]
Event: 7.001 Thread 0x00000190eef85640 Exception <a 'java/lang/NoSuchMethodError'{0x000000008d2be2f0}: 'java.lang.Object java.lang.invoke.DirectMethodHandle$Holder.newInvokeSpecial(java.lang.Object, java.lang.Object, java.lang.Object, java.lang.Object, java.lang.Object, java.lang.Object, java.lang.Object, java.lang.Object, java.lang.Object, java.lang.Object, java.lang.Object)'> (0x000000008d2be2f0) 
thrown [s\src\hotspot\share\interpreter\linkResolver.cpp, line 771]
Event: 7.002 Thread 0x00000190eef85640 Exception <a 'java/lang/NoSuchMethodError'{0x000000008d2c3388}: 'java.lang.Object java.lang.invoke.Invokers$Holder.linkToTargetMethod(java.lang.Object, java.lang.Object, java.lang.Object, java.lang.Object, java.lang.Object, java.lang.Object, java.lang.Object, java.lang.Object, java.lang.Object, java.lang.Object, java.lang.Object)'> (0x000000008d2c3388) 
thrown [s\src\hotspot\share\interpreter\linkResolver.cpp, line 771]
Event: 7.015 Thread 0x00000190eef85640 Exception <a 'java/lang/NoSuchMethodError'{0x000000008d109200}: 'java.lang.Object java.lang.invoke.DirectMethodHandle$Holder.invokeSpecial(java.lang.Object, java.lang.Object, java.lang.Object, java.lang.Object, java.lang.Object, java.lang.Object, java.lang.Object, java.lang.Object, java.lang.Object, java.lang.Object, java.lang.Object, java.lang.Object, java.lang.Object, java.lang.Object)'> (0x000000008d109200) 
thrown [s\src\hotspot\share\interpreter\linkResolver.cpp, line 771]
Event: 7.016 Thread 0x00000190eef85640 Exception <a 'java/lang/NoSuchMethodError'{0x000000008d11b580}: 'java.lang.Object java.lang.invoke.DirectMethodHandle$Holder.newInvokeSpecial(java.lang.Object, java.lang.Object, java.lang.Object, java.lang.Object, java.lang.Object, java.lang.Object, java.lang.Object, java.lang.Object, java.lang.Object, java.lang.Object, java.lang.Object, java.lang.Object)'> (0x000000008d11b580) 
thrown [s\src\hotspot\share\interpreter\linkResolver.cpp, line 771]
Event: 7.017 Thread 0x00000190eef85640 Exception <a 'java/lang/NoSuchMethodError'{0x000000008d120f18}: 'java.lang.Object java.lang.invoke.Invokers$Holder.linkToTargetMethod(java.lang.Object, java.lang.Object, java.lang.Object, java.lang.Object, java.lang.Object, java.lang.Object, java.lang.Object, java.lang.Object, java.lang.Object, java.lang.Object, java.lang.Object, java.lang.Object)'> (0x000000008d120f18) 
thrown [s\src\hotspot\share\interpreter\linkResolver.cpp, line 771]
Event: 7.042 Thread 0x00000190eef85640 Exception <a 'java/lang/NoSuchMethodError'{0x000000008d1b0c50}: 'java.lang.Object java.lang.invoke.DirectMethodHandle$Holder.invokeStaticInit(java.lang.Object, java.lang.Object, java.lang.Object, java.lang.Object)'> (0x000000008d1b0c50) 
thrown [s\src\hotspot\share\interpreter\linkResolver.cpp, line 771]
Event: 7.362 Thread 0x00000190eef85640 Exception <a 'java/lang/NoSuchMethodError'{0x00000000833ee3c0}: 'java.lang.Object java.lang.invoke.DirectMethodHandle$Holder.newInvokeSpecial(java.lang.Object, java.lang.Object, java.lang.Object, java.lang.Object, java.lang.Object, java.lang.Object, java.lang.Object, java.lang.Object)'> (0x00000000833ee3c0) 
thrown [s\src\hotspot\share\interpreter\linkResolver.cpp, line 771]
Event: 7.363 Thread 0x00000190eef85640 Exception <a 'java/lang/NoSuchMethodError'{0x00000000833f41a0}: 'java.lang.Object java.lang.invoke.Invokers$Holder.linkToTargetMethod(java.lang.Object, java.lang.Object, java.lang.Object, java.lang.Object, java.lang.Object, java.lang.Object, java.lang.Object, java.lang.Object)'> (0x00000000833f41a0) 
thrown [s\src\hotspot\share\interpreter\linkResolver.cpp, line 771]
Event: 7.376 Thread 0x00000190eef85640 Exception <a 'java/lang/IncompatibleClassChangeError'{0x00000000832568c0}: Found class java.lang.Object, but interface was expected> (0x00000000832568c0) 
thrown [s\src\hotspot\share\interpreter\linkResolver.cpp, line 838]

VM Operations (20 events):
Event: 4.202 Executing VM operation: G1Concurrent
Event: 4.202 Executing VM operation: G1Concurrent done
Event: 4.517 Executing VM operation: HandshakeAllThreads
Event: 4.517 Executing VM operation: HandshakeAllThreads done
Event: 4.518 Executing VM operation: HandshakeAllThreads
Event: 4.518 Executing VM operation: HandshakeAllThreads done
Event: 5.533 Executing VM operation: Cleanup
Event: 5.533 Executing VM operation: Cleanup done
Event: 5.567 Executing VM operation: G1CollectForAllocation
Event: 5.580 Executing VM operation: G1CollectForAllocation done
Event: 5.729 Executing VM operation: G1CollectForAllocation
Event: 5.733 Executing VM operation: G1CollectForAllocation done
Event: 6.743 Executing VM operation: Cleanup
Event: 6.744 Executing VM operation: Cleanup done
Event: 6.887 Executing VM operation: G1CollectForAllocation
Event: 6.890 Executing VM operation: G1CollectForAllocation done
Event: 6.914 Executing VM operation: HandshakeAllThreads
Event: 6.914 Executing VM operation: HandshakeAllThreads done
Event: 7.349 Executing VM operation: HandshakeAllThreads
Event: 7.349 Executing VM operation: HandshakeAllThreads done

Events (20 events):
Event: 6.908 loading class sun/reflect/misc/ReflectUtil done
Event: 6.918 loading class java/lang/Class$EnclosingMethodInfo
Event: 6.918 loading class java/lang/Class$EnclosingMethodInfo done
Event: 6.920 loading class sun/reflect/generics/tree/IntSignature
Event: 6.921 loading class sun/reflect/generics/tree/IntSignature done
Event: 6.921 loading class sun/reflect/generics/tree/ArrayTypeSignature
Event: 6.921 loading class sun/reflect/generics/tree/ArrayTypeSignature done
Event: 6.929 loading class java/lang/SafeVarargs
Event: 6.929 loading class java/lang/SafeVarargs done
Event: 6.941 loading class java/util/regex/Pattern$GroupCurly
Event: 6.942 loading class java/util/regex/Pattern$GroupCurly done
Event: 7.030 Thread 0x00000190f18cc310 Thread added: 0x00000190f18cc310
Event: 7.031 Thread 0x00000190ef6f8a00 Thread exited: 0x00000190ef6f8a00
Event: 7.080 Thread 0x00000190f18cd650 Thread added: 0x00000190f18cd650
Event: 7.297 Thread 0x00000190f18cdff0 Thread added: 0x00000190f18cdff0
Event: 7.378 Thread 0x00000190f3f2e350 Thread added: 0x00000190f3f2e350
Event: 7.555 loading class java/util/regex/Pattern$Pos
Event: 7.555 loading class java/util/regex/Pattern$Pos done
Event: 7.559 loading class java/io/StringReader
Event: 7.560 loading class java/io/StringReader done


Dynamic libraries:
0x00007ff693c80000 - 0x00007ff693c8a000 	C:\Program Files\Android\Android Studio\jbr\bin\java.exe
0x00007fff08630000 - 0x00007fff08825000 	C:\Windows\SYSTEM32\ntdll.dll
0x00007fff06af0000 - 0x00007fff06bad000 	C:\Windows\System32\KERNEL32.DLL
0x00007fff061d0000 - 0x00007fff06497000 	C:\Windows\System32\KERNELBASE.dll
0x00007fff065a0000 - 0x00007fff066a0000 	C:\Windows\System32\ucrtbase.dll
0x00007ffedb800000 - 0x00007ffedb817000 	C:\Program Files\Android\Android Studio\jbr\bin\jli.dll
0x00007fff083c0000 - 0x00007fff08560000 	C:\Windows\System32\USER32.dll
0x00007ffeed5c0000 - 0x00007ffeed85a000 	C:\Windows\WinSxS\amd64_microsoft.windows.common-controls_6595b64144ccf1df_6.0.19041.1_none_b555e41d4684ddec\COMCTL32.dll
0x00007fff07ac0000 - 0x00007fff07b5e000 	C:\Windows\System32\msvcrt.dll
0x00007fff06bb0000 - 0x00007fff06bda000 	C:\Windows\System32\GDI32.dll
0x00007fff05e00000 - 0x00007fff05f0a000 	C:\Windows\System32\gdi32full.dll
0x00007fff061a0000 - 0x00007fff061c2000 	C:\Windows\System32\win32u.dll
0x00007fff064a0000 - 0x00007fff0653d000 	C:\Windows\System32\msvcp_win.dll
0x00007ffec69c0000 - 0x00007ffec69db000 	C:\Program Files\Android\Android Studio\jbr\bin\VCRUNTIME140.dll
0x00007fff06c50000 - 0x00007fff06c80000 	C:\Windows\System32\IMM32.DLL
0x00007ffed7c80000 - 0x00007ffed7c8c000 	C:\Program Files\Android\Android Studio\jbr\bin\vcruntime140_1.dll
0x00007ffe76420000 - 0x00007ffe764ad000 	C:\Program Files\Android\Android Studio\jbr\bin\msvcp140.dll
0x00007ffe85040000 - 0x00007ffe85cae000 	C:\Program Files\Android\Android Studio\jbr\bin\server\jvm.dll
0x00007fff066a0000 - 0x00007fff0674a000 	C:\Windows\System32\ADVAPI32.dll
0x00007fff06e30000 - 0x00007fff06ecb000 	C:\Windows\System32\sechost.dll
0x00007fff06ca0000 - 0x00007fff06dc3000 	C:\Windows\System32\RPCRT4.dll
0x00007ffee05b0000 - 0x00007ffee05b9000 	C:\Windows\SYSTEM32\WSOCK32.dll
0x00007ffefe300000 - 0x00007ffefe30a000 	C:\Windows\SYSTEM32\VERSION.dll
0x00007fff07990000 - 0x00007fff079fb000 	C:\Windows\System32\WS2_32.dll
0x00007ffef3610000 - 0x00007ffef3637000 	C:\Windows\SYSTEM32\WINMM.dll
0x00007fff04690000 - 0x00007fff046a3000 	C:\Windows\SYSTEM32\kernel.appcore.dll
0x00007fff01820000 - 0x00007fff0182a000 	C:\Program Files\Android\Android Studio\jbr\bin\jimage.dll
0x00007fff03a90000 - 0x00007fff03c74000 	C:\Windows\SYSTEM32\DBGHELP.DLL
0x00007ffeea440000 - 0x00007ffeea46c000 	C:\Windows\SYSTEM32\dbgcore.DLL
0x00007fff05f10000 - 0x00007fff05f8f000 	C:\Windows\System32\bcryptPrimitives.dll
0x00007ffef0930000 - 0x00007ffef0955000 	C:\Program Files\Android\Android Studio\jbr\bin\java.dll
0x00007ffeec910000 - 0x00007ffeec928000 	C:\Program Files\Android\Android Studio\jbr\bin\zip.dll
0x00007fff07b60000 - 0x00007fff082a0000 	C:\Windows\System32\SHELL32.dll
0x00007fff03ee0000 - 0x00007fff04671000 	C:\Windows\SYSTEM32\windows.storage.dll
0x00007fff07630000 - 0x00007fff07983000 	C:\Windows\System32\combase.dll
0x00007fff05800000 - 0x00007fff0582c000 	C:\Windows\SYSTEM32\Wldp.dll
0x00007fff06a40000 - 0x00007fff06aee000 	C:\Windows\System32\SHCORE.dll
0x00007fff06dd0000 - 0x00007fff06e25000 	C:\Windows\System32\shlwapi.dll
0x00007fff05cc0000 - 0x00007fff05cdf000 	C:\Windows\SYSTEM32\profapi.dll
0x00007ffee94d0000 - 0x00007ffee94e9000 	C:\Program Files\Android\Android Studio\jbr\bin\net.dll
0x00007ffef23f0000 - 0x00007ffef24f0000 	C:\Windows\SYSTEM32\WINHTTP.dll
0x00007fff05580000 - 0x00007fff055ea000 	C:\Windows\system32\mswsock.dll
0x00007ffee94b0000 - 0x00007ffee94c6000 	C:\Program Files\Android\Android Studio\jbr\bin\nio.dll
0x00007ffeec100000 - 0x00007ffeec110000 	C:\Program Files\Android\Android Studio\jbr\bin\verify.dll
0x00007ffec69e0000 - 0x00007ffec6a07000 	C:\Users\Administrator\.gradle\native\68d5fa5c4cc2d200863cafc0d521ce42e7d3e7ee720ec0a83991735586a16f82\windows-amd64\native-platform.dll
0x00007ffe762d0000 - 0x00007ffe76414000 	C:\Users\Administrator\.gradle\native\e376f236ea51e6404a007f0833ffe2c6e607c4080706a723a18a27aeea778392\windows-amd64\native-platform-file-events.dll
0x00007ffeebf30000 - 0x00007ffeebf39000 	C:\Program Files\Android\Android Studio\jbr\bin\management.dll
0x00007ffeebe40000 - 0x00007ffeebe4b000 	C:\Program Files\Android\Android Studio\jbr\bin\management_ext.dll
0x00007fff06ed0000 - 0x00007fff06ed8000 	C:\Windows\System32\PSAPI.DLL
0x00007fff05750000 - 0x00007fff05768000 	C:\Windows\SYSTEM32\CRYPTSP.dll
0x00007fff04ea0000 - 0x00007fff04ed4000 	C:\Windows\system32\rsaenh.dll
0x00007fff05dd0000 - 0x00007fff05df7000 	C:\Windows\System32\bcrypt.dll
0x00007fff05c80000 - 0x00007fff05cae000 	C:\Windows\SYSTEM32\USERENV.dll
0x00007fff05770000 - 0x00007fff0577c000 	C:\Windows\SYSTEM32\CRYPTBASE.dll
0x00007fff05220000 - 0x00007fff0525b000 	C:\Windows\SYSTEM32\IPHLPAPI.DLL
0x00007fff06750000 - 0x00007fff06759000 	C:\Windows\System32\NSI.dll
0x00007ffeff410000 - 0x00007ffeff427000 	C:\Windows\SYSTEM32\dhcpcsvc6.DLL
0x00007ffeff0a0000 - 0x00007ffeff0bd000 	C:\Windows\SYSTEM32\dhcpcsvc.DLL
0x00007fff05270000 - 0x00007fff0533a000 	C:\Windows\SYSTEM32\DNSAPI.dll
0x00007ffeec790000 - 0x00007ffeec797000 	C:\Windows\system32\wshunix.dll

dbghelp: loaded successfully - version: 4.0.5 - missing functions: none
symbol engine: initialized successfully - sym options: 0x614 - pdb path: .;C:\Program Files\Android\Android Studio\jbr\bin;C:\Windows\SYSTEM32;C:\Windows\WinSxS\amd64_microsoft.windows.common-controls_6595b64144ccf1df_6.0.19041.1_none_b555e41d4684ddec;C:\Program Files\Android\Android Studio\jbr\bin\server;C:\Users\Administrator\.gradle\native\68d5fa5c4cc2d200863cafc0d521ce42e7d3e7ee720ec0a83991735586a16f82\windows-amd64;C:\Users\Administrator\.gradle\native\e376f236ea51e6404a007f0833ffe2c6e607c4080706a723a18a27aeea778392\windows-amd64

VM Arguments:
jvm_args: --add-opens=java.base/java.util=ALL-UNNAMED --add-opens=java.base/java.lang=ALL-UNNAMED --add-opens=java.base/java.lang.invoke=ALL-UNNAMED --add-opens=java.prefs/java.util.prefs=ALL-UNNAMED --add-opens=java.base/java.nio.charset=ALL-UNNAMED --add-opens=java.base/java.net=ALL-UNNAMED --add-opens=java.base/java.util.concurrent.atomic=ALL-UNNAMED -Xmx2048m -Dfile.encoding=UTF-8 -Duser.country=CA -Duser.language=en -Duser.variant 
java_command: org.gradle.launcher.daemon.bootstrap.GradleDaemon 8.0
java_class_path (initial): C:\Users\Administrator\.gradle\wrapper\dists\gradle-8.0-bin\ca5e32bp14vu59qr306oxotwh\gradle-8.0\lib\gradle-launcher-8.0.jar
Launcher Type: SUN_STANDARD

[Global flags]
     intx CICompilerCount                          = 4                                         {product} {ergonomic}
     uint ConcGCThreads                            = 2                                         {product} {ergonomic}
     uint G1ConcRefinementThreads                  = 8                                         {product} {ergonomic}
   size_t G1HeapRegionSize                         = 1048576                                   {product} {ergonomic}
    uintx GCDrainStackTargetSize                   = 64                                        {product} {ergonomic}
   size_t InitialHeapSize                          = 268435456                                 {product} {ergonomic}
   size_t MarkStackSize                            = 4194304                                   {product} {ergonomic}
   size_t MaxHeapSize                              = 2147483648                                {product} {command line}
   size_t MaxNewSize                               = 1287651328                                {product} {ergonomic}
   size_t MinHeapDeltaBytes                        = 1048576                                   {product} {ergonomic}
   size_t MinHeapSize                              = 8388608                                   {product} {ergonomic}
    uintx NonNMethodCodeHeapSize                   = 5839372                                {pd product} {ergonomic}
    uintx NonProfiledCodeHeapSize                  = 122909434                              {pd product} {ergonomic}
    uintx ProfiledCodeHeapSize                     = 122909434                              {pd product} {ergonomic}
    uintx ReservedCodeCacheSize                    = 251658240                              {pd product} {ergonomic}
     bool SegmentedCodeCache                       = true                                      {product} {ergonomic}
   size_t SoftMaxHeapSize                          = 2147483648                             {manageable} {ergonomic}
     bool UseCompressedClassPointers               = true                           {product lp64_product} {ergonomic}
     bool UseCompressedOops                        = true                           {product lp64_product} {ergonomic}
     bool UseG1GC                                  = true                                      {product} {ergonomic}
     bool UseLargePagesIndividualAllocation        = false                                  {pd product} {ergonomic}

Logging:
Log output configuration:
 #0: stdout all=warning uptime,level,tags
 #1: stderr all=off uptime,level,tags

Environment Variables:
PATH=C:\app\Administrator\product\21c\dbhomeXE\bin;C:\Program Files\Java\jdk-21\bin;C:\Program Files\nodejs\;C:\Program Files\NVIDIA Corporation\NVIDIA NvDLISR;C:\Program Files\MySQL\MySQL Shell 8.0\bin\;C:\Users\Administrator\AppData\Local\Microsoft\WindowsApps;C:\Users\Administrator\AppData\Local\Programs\Microsoft VS Code\bin;C:\Program Files\Java\jdk-17\bin;C:\Users\Administrator\AppData\Roaming\npm;C:\Program Files\nodejs;C:\Windows\System32;
USERNAME=Administrator
OS=Windows_NT
PROCESSOR_IDENTIFIER=Intel64 Family 6 Model 158 Stepping 13, GenuineIntel
TMP=C:\Users\ADMINI~1\AppData\Local\Temp
TEMP=C:\Users\ADMINI~1\AppData\Local\Temp


JNI global refs:
JNI global refs: 23, weak refs: 0

JNI global refs memory usage: 843, weak refs: 841


---------------  S Y S T E M  ---------------

OS:
 Windows 10 , 64 bit Build 19041 (10.0.19041.292)
OS uptime: 0 days 4:01 hours

CPU: total 8 (initial active 8) (4 cores per cpu, 2 threads per core) family 6 model 158 stepping 13 microcode 0xc6, cx8, cmov, fxsr, ht, mmx, 3dnowpref, sse, sse2, sse3, ssse3, sse4.1, sse4.2, popcnt, lzcnt, tsc, tscinvbit, avx, avx2, aes, erms, clmul, bmi1, bmi2, adx, fma, vzeroupper, clflush, clflushopt

Memory: 4k page, system-wide physical 16304M (2156M free)
TotalPageFile size 22172M (AvailPageFile size 1M)
current process WorkingSet (physical memory assigned to process): 202M, peak: 202M
current process commit charge ("private bytes"): 245M, peak: 398M

vm_info: OpenJDK 64-Bit Server VM (17.0.6+0-b2043.56-10027231) for windows-amd64 JRE (17.0.6+0-b2043.56-10027231), built on Apr 28 2023 00:43:19 by "androidbuild" with MS VC++ 16.10 / 16.11 (VS2019)

END.
